#
# There is insufficient memory for the Java Runtime Environment to continue.
# Native memory allocation (mmap) failed to map 132120576 bytes for G1 virtual space
# Possible reasons:
#   The system is out of physical RAM or swap space
#   The process is running with CompressedOops enabled, and the Java Heap may be blocking the growth of the native heap
# Possible solutions:
#   Reduce memory load on the system
#   Increase physical memory or swap space
#   Check if swap backing store is full
#   Decrease Java heap size (-Xmx/-Xms)
#   Decrease number of Java threads
#   Decrease Java thread stack sizes (-Xss)
#   Set larger code cache with -XX:ReservedCodeCacheSize=
#   JVM is running with Unscaled Compressed Oops mode in which the Java heap is
#     placed in the first 4GB address space. The Java Heap base address is the
#     maximum limit for the native heap growth. Please use -XX:HeapBaseMinAddress
#     to set the Java Heap base and to place the Java Heap above 4GB virtual address.
# This output file may be truncated or incomplete.
#
#  Out of Memory Error (./open/src/hotspot/os/windows/os_windows.cpp:3472), pid=12560, tid=13168
#
# JRE version:  (15.0.1+9) (build )
# Java VM: OpenJDK 64-Bit Server VM (15.0.1+9-18, mixed mode, sharing, tiered, compressed oops, g1 gc, windows-amd64)
# No core dump will be written. Minidumps are not enabled by default on client versions of Windows
#

---------------  S U M M A R Y ------------

Command Line: -Dcom.sun.management.jmxremote -Dcom.sun.management.jmxremote.port=57161 -Dcom.sun.management.jmxremote.authenticate=false -Dcom.sun.management.jmxremote.ssl=false -Djava.rmi.server.hostname=localhost -Dspring.jmx.enabled=true -Dspring.application.admin.enabled=true -XX:TieredStopAtLevel=1 -Dspring.boot.project.name=OnlineCourierManagementApplication -Dfile.encoding=Cp1252 -XX:+ShowCodeDetailsInExceptionMessages com.cg.ocma.OnlineCourierManagementApplication --spring.output.ansi.enabled=always

Host: Intel(R) Core(TM) i5-7200U CPU @ 2.50GHz, 4 cores, 7G,  Windows 10 , 64 bit Build 19041 (10.0.19041.804)
Time: Tue Mar 30 00:16:10 2021 India Standard Time elapsed time: 0.077609 seconds (0d 0h 0m 0s)

---------------  T H R E A D  ---------------

Current thread (0x00000228d0349c80):  JavaThread "Unknown thread" [_thread_in_vm, id=13168, stack(0x0000005ef8a00000,0x0000005ef8b00000)]

Stack: [0x0000005ef8a00000,0x0000005ef8b00000]
Native frames: (J=compiled Java code, j=interpreted, Vv=VM code, C=native code)
V  [jvm.dll+0x62ae9a]
V  [jvm.dll+0x781389]
V  [jvm.dll+0x782ae3]
V  [jvm.dll+0x783143]
V  [jvm.dll+0x216265]
V  [jvm.dll+0x6281d9]
V  [jvm.dll+0x61cd15]
V  [jvm.dll+0x2d01fd]
V  [jvm.dll+0x2d0062]
V  [jvm.dll+0x2d603c]
V  [jvm.dll+0x325b2a]
V  [jvm.dll+0x3251f4]
V  [jvm.dll+0x2a717a]
V  [jvm.dll+0x2a8318]
V  [jvm.dll+0x75e101]
V  [jvm.dll+0x3343e4]
V  [jvm.dll+0x73e826]
V  [jvm.dll+0x3b7777]
V  [jvm.dll+0x3b9201]
C  [jli.dll+0x52fb]
C  [ucrtbase.dll+0x21bb2]
C  [KERNEL32.DLL+0x17034]
C  [ntdll.dll+0x52651]


---------------  P R O C E S S  ---------------

Threads class SMR info:
_java_thread_list=0x00007fff686f4ff0, length=0, elements={
}

Java Threads: ( => current thread )

Other Threads:
  0x00000228d0389370 GCTaskThread "GC Thread#0" [stack: 0x0000005ef8b00000,0x0000005ef8c00000] [id=2092]
  0x00000228d039a8f0 ConcurrentGCThread "G1 Main Marker" [stack: 0x0000005ef8c00000,0x0000005ef8d00000] [id=3476]
  0x00000228d039b470 ConcurrentGCThread "G1 Conc#0" [stack: 0x0000005ef8d00000,0x0000005ef8e00000] [id=10572]

[error occurred during error reporting (printing all threads), id 0xc0000005, EXCEPTION_ACCESS_VIOLATION (0xc0000005) at pc=0x00007fff67ee8047]

VM state: not at safepoint (not fully initialized)

VM Mutex/Monitor currently owned by a thread:  ([mutex/lock_event])
[0x00000228d03446c0] Heap_lock - owner thread: 0x00000228d0349c80

Heap address: 0x0000000082000000, size: 2016 MB, Compressed Oops mode: 32-bit
CDS archive(s) mapped at: [0x0000000000000000-0x0000000000000000-0x0000000000000000), size 0, SharedBaseAddress: 0x0000000800000000, ArchiveRelocationMode: 0.
Narrow klass base: 0x0000000000000000, Narrow klass shift: 0, Narrow klass range: 0x0

Heap:
 garbage-first heap   total 129024K, used 0K [0x0000000082000000, 0x0000000100000000)
  region size 1024K, 0 young (0K), 0 survivors (0K)
 Metaspace       used 0K, capacity 0K, committed 0K, reserved 0K
  class space    used 0K, capacity 0K, committed 0K, reserved 0K

Heap Regions: E=young(eden), S=young(survivor), O=old, HS=humongous(starts), HC=humongous(continues), CS=collection set, F=free, OA=open archive, CA=closed archive, TAMS=top-at-mark-start (previous, next)

Card table byte_map: [0x00000228e4f40000,0x00000228e5330000] _byte_map_base: 0x00000228e4b30000

Marking Bits (Prev, Next): (CMBitMap*) 0x00000228d0389af0, (CMBitMap*) 0x00000228d0389b30
 Prev Bits: [0x00000228e5720000, 0x00000228e76a0000)
 Next Bits: [0x00000228e76a0000, 0x00000228e9620000)

GC Heap History (0 events):
No events

Deoptimization events (0 events):
No events

Classes unloaded (0 events):
No events

Classes redefined (0 events):
No events

Internal exceptions (0 events):
No events

Events (1 events):
Event: 0.008 Loaded shared library E:\spring-tool-suite\sts-4.9.0.RELEASE\plugins\org.eclipse.justj.openjdk.hotspot.jre.full.win32.x86_64_15.0.1.v20201027-0507\jre\bin\java.dll


Dynamic libraries:
0x00007ff69dee0000 - 0x00007ff69deed000 	E:\spring-tool-suite\sts-4.9.0.RELEASE\plugins\org.eclipse.justj.openjdk.hotspot.jre.full.win32.x86_64_15.0.1.v20201027-0507\jre\bin\javaw.exe
0x00007fffc7230000 - 0x00007fffc7425000 	C:\WINDOWS\SYSTEM32\ntdll.dll
0x00007fffc6b30000 - 0x00007fffc6bed000 	C:\WINDOWS\System32\KERNEL32.DLL
0x00007fffc4ba0000 - 0x00007fffc4e69000 	C:\WINDOWS\System32\KERNELBASE.dll
0x00007fffc4e70000 - 0x00007fffc4f70000 	C:\WINDOWS\System32\ucrtbase.dll
0x00007fffa1920000 - 0x00007fffa1939000 	E:\spring-tool-suite\sts-4.9.0.RELEASE\plugins\org.eclipse.justj.openjdk.hotspot.jre.full.win32.x86_64_15.0.1.v20201027-0507\jre\bin\VCRUNTIME140.dll
0x00007fffa3250000 - 0x00007fffa3268000 	E:\spring-tool-suite\sts-4.9.0.RELEASE\plugins\org.eclipse.justj.openjdk.hotspot.jre.full.win32.x86_64_15.0.1.v20201027-0507\jre\bin\jli.dll
0x00007fffc6990000 - 0x00007fffc6b30000 	C:\WINDOWS\System32\USER32.dll
0x00007fffa7e60000 - 0x00007fffa80fa000 	C:\WINDOWS\WinSxS\amd64_microsoft.windows.common-controls_6595b64144ccf1df_6.0.19041.844_none_ca00b6081b84eb1d\COMCTL32.dll
0x00007fffc4b70000 - 0x00007fffc4b92000 	C:\WINDOWS\System32\win32u.dll
0x00007fffc6da0000 - 0x00007fffc6dca000 	C:\WINDOWS\System32\GDI32.dll
0x00007fffc63b0000 - 0x00007fffc644e000 	C:\WINDOWS\System32\msvcrt.dll
0x00007fffc5150000 - 0x00007fffc525b000 	C:\WINDOWS\System32\gdi32full.dll
0x00007fffc4970000 - 0x00007fffc4a0d000 	C:\WINDOWS\System32\msvcp_win.dll
0x00007fffc6d10000 - 0x00007fffc6d40000 	C:\WINDOWS\System32\IMM32.DLL
0x00007fffad9c0000 - 0x00007fffad9cc000 	E:\spring-tool-suite\sts-4.9.0.RELEASE\plugins\org.eclipse.justj.openjdk.hotspot.jre.full.win32.x86_64_15.0.1.v20201027-0507\jre\bin\vcruntime140_1.dll
0x00007fffa0230000 - 0x00007fffa02c1000 	E:\spring-tool-suite\sts-4.9.0.RELEASE\plugins\org.eclipse.justj.openjdk.hotspot.jre.full.win32.x86_64_15.0.1.v20201027-0507\jre\bin\msvcp140.dll
0x00007fff67c30000 - 0x00007fff6878e000 	E:\spring-tool-suite\sts-4.9.0.RELEASE\plugins\org.eclipse.justj.openjdk.hotspot.jre.full.win32.x86_64_15.0.1.v20201027-0507\jre\bin\server\jvm.dll
0x00007fffc70b0000 - 0x00007fffc715c000 	C:\WINDOWS\System32\ADVAPI32.dll
0x00007fffc54c0000 - 0x00007fffc555c000 	C:\WINDOWS\System32\sechost.dll
0x00007fffc6e50000 - 0x00007fffc6f7b000 	C:\WINDOWS\System32\RPCRT4.dll
0x00007fffc62f0000 - 0x00007fffc62f8000 	C:\WINDOWS\System32\PSAPI.DLL
0x00007fffaa520000 - 0x00007fffaa529000 	C:\WINDOWS\SYSTEM32\WSOCK32.dll
0x00007fffbc8c0000 - 0x00007fffbc8e7000 	C:\WINDOWS\SYSTEM32\WINMM.dll
0x00007fffc64b0000 - 0x00007fffc651b000 	C:\WINDOWS\System32\WS2_32.dll
0x00007fffbf090000 - 0x00007fffbf09a000 	C:\WINDOWS\SYSTEM32\VERSION.dll
0x00007fffc28d0000 - 0x00007fffc28e2000 	C:\WINDOWS\SYSTEM32\kernel.appcore.dll
0x00007fffbcf50000 - 0x00007fffbcf5a000 	E:\spring-tool-suite\sts-4.9.0.RELEASE\plugins\org.eclipse.justj.openjdk.hotspot.jre.full.win32.x86_64_15.0.1.v20201027-0507\jre\bin\jimage.dll
0x00007fffab3e0000 - 0x00007fffab5c4000 	C:\WINDOWS\SYSTEM32\DBGHELP.DLL
0x00007fffab360000 - 0x00007fffab38c000 	C:\WINDOWS\SYSTEM32\dbgcore.DLL
0x00007fffc4f70000 - 0x00007fffc4ff0000 	C:\WINDOWS\System32\bcryptPrimitives.dll
0x00007fffb04d0000 - 0x00007fffb04f5000 	E:\spring-tool-suite\sts-4.9.0.RELEASE\plugins\org.eclipse.justj.openjdk.hotspot.jre.full.win32.x86_64_15.0.1.v20201027-0507\jre\bin\java.dll

dbghelp: loaded successfully - version: 4.0.5 - missing functions: none
symbol engine: initialized successfully - sym options: 0x614 - pdb path: .;E:\spring-tool-suite\sts-4.9.0.RELEASE\plugins\org.eclipse.justj.openjdk.hotspot.jre.full.win32.x86_64_15.0.1.v20201027-0507\jre\bin;C:\WINDOWS\SYSTEM32;C:\WINDOWS\WinSxS\amd64_microsoft.windows.common-controls_6595b64144ccf1df_6.0.19041.844_none_ca00b6081b84eb1d;E:\spring-tool-suite\sts-4.9.0.RELEASE\plugins\org.eclipse.justj.openjdk.hotspot.jre.full.win32.x86_64_15.0.1.v20201027-0507\jre\bin\server

VM Arguments:
jvm_args: -Dcom.sun.management.jmxremote -Dcom.sun.management.jmxremote.port=57161 -Dcom.sun.management.jmxremote.authenticate=false -Dcom.sun.management.jmxremote.ssl=false -Djava.rmi.server.hostname=localhost -Dspring.jmx.enabled=true -Dspring.application.admin.enabled=true -XX:TieredStopAtLevel=1 -Dspring.boot.project.name=OnlineCourierManagementApplication -Dfile.encoding=Cp1252 -XX:+ShowCodeDetailsInExceptionMessages 
java_command: com.cg.ocma.OnlineCourierManagementApplication --spring.output.ansi.enabled=always
java_class_path (initial): E:\OnlineCourierManagementApplication\Karan1\OnlineCourierManagementApplication\bin\main;C:\Users\Von\.gradle\caches\modules-2\files-2.1\io.springfox\springfox-swagger2\2.7.0\dd28b7ce26af1209d6ef19f5f24a8c23b41ca6fc\springfox-swagger2-2.7.0.jar;C:\Users\Von\.gradle\caches\modules-2\files-2.1\io.springfox\springfox-swagger-ui\2.7.0\92608eb6c2056810b4e3189196b4e8cce645d6de\springfox-swagger-ui-2.7.0.jar;C:\Users\Von\.gradle\caches\modules-2\files-2.1\org.springframework.boot\spring-boot-starter-data-jpa\2.4.4\467d100d81d955308bf5a32067f6e620dbeda815\spring-boot-starter-data-jpa-2.4.4.jar;C:\Users\Von\.gradle\caches\modules-2\files-2.1\org.springframework.boot\spring-boot-starter-web\2.4.4\8b84b6800a0b72d644d77aea3df0bf02008096a7\spring-boot-starter-web-2.4.4.jar;C:\Users\Von\.gradle\caches\modules-2\files-2.1\javax.servlet\jstl\1.2\74aca283cd4f4b4f3e425f5820cda58f44409547\jstl-1.2.jar;C:\Users\Von\.gradle\caches\modules-2\files-2.1\org.apache.tomcat.embed\tomcat-embed-jasper\9.0.44\9f55f8d37e4117cf2cf6db9fc728626acf32fc90\tomcat-embed-jasper-9.0.44.jar;C:\Users\Von\.gradle\caches\modules-2\files-2.1\org.springframework.boot\spring-boot-starter-validation\2.4.4\b957c992256c91399d7a0ee639948a07e0b7f479\spring-boot-starter-validation-2.4.4.jar;C:\Users\Von\.gradle\caches\modules-2\files-2.1\io.springfox\springfox-swagger-common\2.7.0\5a632aecc733753887f90592382fa271e546062a\springfox-swagger-common-2.7.0.jar;C:\Users\Von\.gradle\caches\modules-2\files-2.1\io.swagger\swagger-models\1.5.13\571a0046f35f9dac569a1870465248595e33ccdb\swagger-models-1.5.13.jar;C:\Users\Von\.gradle\caches\modules-2\files-2.1\io.swagger\swagger-annotations\1.5.13\72433c890a61a876d22063e269be421c810a1a8d\swagger-annotations-1.5.13.jar;C:\Users\Von\.gradle\caches\modules-2\files-2.1\io.springfox\springfox-schema\2.7.0\aab297a6781e829b9d6bac514a4dc860966c3c8d\springfox-schema-2.7.0.jar;C:\Users\Von\.gradle\caches\modules-2\files-2.1\io.springfox\springfox-spring-web\2.7.
Launcher Type: SUN_STANDARD

[Global flags]
     intx CICompilerCount                          = 3                                         {product} {ergonomic}
     uint ConcGCThreads                            = 1                                         {product} {ergonomic}
     uint G1ConcRefinementThreads                  = 4                                         {product} {ergonomic}
   size_t G1HeapRegionSize                         = 1048576                                   {product} {ergonomic}
    uintx GCDrainStackTargetSize                   = 64                                        {product} {ergonomic}
   size_t InitialHeapSize                          = 132120576                                 {product} {ergonomic}
     bool ManagementServer                         = true                                      {product} {command line}
   size_t MarkStackSize                            = 4194304                                   {product} {ergonomic}
   size_t MaxHeapSize                              = 2113929216                                {product} {ergonomic}
   size_t MinHeapDeltaBytes                        = 1048576                                   {product} {ergonomic}
   size_t MinHeapSize                              = 8388608                                   {product} {ergonomic}
    uintx NonNMethodCodeHeapSize                   = 6973028                                {pd product} {ergonomic}
    uintx NonProfiledCodeHeapSize                  = 244685212                              {pd product} {ergonomic}
    uintx ProfiledCodeHeapSize                     = 0                                      {pd product} {ergonomic}
    uintx ReservedCodeCacheSize                    = 251658240                              {pd product} {ergonomic}
     bool SegmentedCodeCache                       = true                                      {product} {ergonomic}
     bool ShowCodeDetailsInExceptionMessages       = true                                   {manageable} {command line}
   size_t SoftMaxHeapSize                          = 2113929216                             {manageable} {ergonomic}
     intx TieredStopAtLevel                        = 1                                         {product} {command line}
     bool UseCompressedClassPointers               = true                                 {lp64_product} {ergonomic}
     bool UseCompressedOops                        = true                                 {lp64_product} {ergonomic}
     bool UseG1GC                                  = true                                      {product} {ergonomic}
     bool UseLargePagesIndividualAllocation        = false                                  {pd product} {ergonomic}

Logging:
Log output configuration:
 #0: stdout all=warning uptime,level,tags
 #1: stderr all=off uptime,level,tags

Environment Variables:
JAVA_HOME=C:\Program Files\Java\jdk1.8.0_281
PATH=E:/spring-tool-suite/sts-4.9.0.RELEASE//plugins/org.eclipse.justj.openjdk.hotspot.jre.full.win32.x86_64_15.0.1.v20201027-0507/jre/bin/server;E:/spring-tool-suite/sts-4.9.0.RELEASE//plugins/org.eclipse.justj.openjdk.hotspot.jre.full.win32.x86_64_15.0.1.v20201027-0507/jre/bin;C:\Program Files (x86)\Common Files\Oracle\Java\javapath;C:\Program Files\Common Files\Oracle\Java\javapath;C:\WINDOWS\system32;C:\WINDOWS;C:\WINDOWS\System32\Wbem;C:\WINDOWS\System32\WindowsPowerShell\v1.0\;C:\Program Files\Intel\WiFi\bin\;C:\Program Files\Common Files\Intel\WirelessCommon\;C:\WINDOWS\System32\OpenSSH\;C:\Users\Von\AppData\Local\Programs\Python\Python37-32\python.exe;C:\ProgramData\chocolatey\bin;C:\Program Files\Git\cmd;C:\gradle-6.8.3\bin;C:\gradle-6.8.3\lib;C:\sonarqube\bin\windows-x86-64;C:\Users\Von\Scripts\;C:\Users\Von\;C:\Users\Von\AppData\Local\Programs\Python\Python38-32\Scripts\;C:\Users\Von\AppData\Local\Programs\Python\Python38-32\;C:\Program Files\Intel\WiFi\bin\;C:\Program Files\Common Files\Intel\WirelessCommon\;C:\Program Files (x86)\Microsoft VS Code\bin;C:\Users\Von\AppData\Local\Microsoft\WindowsApps;C:\Users\Von\AppData\Local\Programs\Microsoft VS Code\bin;C:\Program Files\JetBrains\PyCharm 2019.3.3\bin;;C:\Program Files\JetBrains\PyCharm Community Edition 2020.2.2\bin;;E:\tools\gradle-6.8.3\bin;;E:\spring-tool-suite\sts-4.9.0.RELEASE;
USERNAME=Von
OS=Windows_NT
PROCESSOR_IDENTIFIER=Intel64 Family 6 Model 142 Stepping 9, GenuineIntel



---------------  S Y S T E M  ---------------

OS:
 Windows 10 , 64 bit Build 19041 (10.0.19041.804)
OS uptime: 6 days 10:57 hours

CPU: total 4 (initial active 4) (2 cores per cpu, 2 threads per core) family 6 model 142 stepping 9 microcode 0xde, cmov, cx8, fxsr, mmx, sse, sse2, sse3, ssse3, sse4.1, sse4.2, popcnt, vzeroupper, avx, avx2, aes, clmul, erms, 3dnowpref, lzcnt, ht, tsc, tscinvbit, bmi1, bmi2, adx, fma, clflush, clflushopt

Memory: 4k page, system-wide physical 8060M (1319M free)
TotalPageFile size 9963M (AvailPageFile size 120M)
current process WorkingSet (physical memory assigned to process): 10M, peak: 10M
current process commit charge ("private bytes"): 49M, peak: 175M

vm_info: OpenJDK 64-Bit Server VM (15.0.1+9-18) for windows-amd64 JRE (15.0.1+9-18), built on Sep 15 2020 14:39:31 by "mach5one" with unknown MS VC++:1925

END.
